<?xml version="1.0" encoding="UTF-8"?>
<Site BuildName="(empty)"
	BuildStamp="20240625-2046-Experimental"
	Name="ricca-Inspiron-5502"
	Generator="ctest-3.16.3"
	CompilerName="/usr/bin/c++"
	CompilerVersion="9.4.0"
	OSName="Linux"
	Hostname="ricca-Inspiron-5502"
	OSRelease="5.15.0-107-generic"
	OSVersion="#117~20.04.1-Ubuntu SMP Tue Apr 30 10:35:57 UTC 2024"
	OSPlatform="x86_64"
	Is64Bits="1"
	VendorString="GenuineIntel"
	VendorID="Intel Corporation"
	FamilyID="6"
	ModelID="140"
	ProcessorCacheSize="12288"
	NumberOfLogicalCPU="8"
	NumberOfPhysicalCPU="4"
	TotalVirtualMemory="2047"
	TotalPhysicalMemory="7665"
	LogicalProcessorsPerPhysical="2"
	ProcessorClockFrequency="1700"
	>
	<Testing>
		<StartDateTime>Jun 25 23:19 CEST</StartDateTime>
		<StartTestTime>1719350385</StartTestTime>
		<TestList/>
		<EndDateTime>Jun 25 23:19 CEST</EndDateTime>
		<EndTestTime>1719350385</EndTestTime>
		<ElapsedMinutes>0</ElapsedMinutes>
	</Testing>
</Site>
